2219505850 - T2_US_Florida
-9111930 - T2_IN_TIFR
-15863670 - T2_FR_CCIN2P3
-26868688 - T2_RU_ITEP
-36465624 - T2_TR_METU
-37751857 - T2_RU_INR
-90943856 - T2_HU_Budapest
-91995694 - T2_TW_Taiwan
-172894344 - T2_AT_Vienna
-215012380 - T2_CN_Beijing
-343660750 - T2_FI_HIP
-425913169 - T2_FR_GRIF_IRFU
-443108556 - T2_BR_SPRACE
-460000224 - T2_PT_NCG_Lisbon
-515398168 - T2_US_Wisconsin
-515827476 - T2_ES_IFCA
-863946348 - T2_UA_KIPT
-894417940 - T2_RU_IHEP
-1447077852 - T2_RU_JINR
-1529040120 - T2_FR_GRIF_LLR
-1555008213 - T2_CH_CSCS
-1577437520 - T2_UK_London_Brunel
-1890585198 - T2_KR_KNU
-1988090217 - T2_IT_Bari
-2170426118 - T2_BE_IIHE
-2536430574 - T2_US_UCSD
-2883363276 - T2_BE_UCL
-2904524000 - T2_ES_CIEMAT
-3151013328 - T2_IT_Pisa
-3447465590 - T2_FR_IPHC
-3606027752 - T2_CH_CERN
-3703853610 - T2_IT_Rome
-4320807876 - T2_UK_SGrid_RALPP
-4487413806 - T2_US_Caltech
-6451453357 - T2_DE_RWTH
-7389140780 - T2_US_Nebraska
-8913920388 - T2_IT_Legnaro
-10803806805 - T2_DE_DESY
-13947194680 - T2_UK_London_IC
-16637102352 - T2_US_MIT
-20611594562 - T2_EE_Estonia
-23284653938 - T2_US_Purdue
