11:09 [INFO] cuadrnt.tools.datasets:get_db_datasets:198: 29467 datasets present in database
15:24 [INFO] __main__:balance:87: rank: 0.728561954947	size: 11.91	dataset: /HTMHT/Run2015C-PromptReco-v1/MINIAOD
15:24 [INFO] __main__:balance:88: rank: 1034096.41597	storage: 361821\site: T2_UK_SGrid_RALPP
15:24 [INFO] __main__:balance:87: rank: 1.46448601614	size: 5.87	dataset: /ZprimeToTT_M-4000_W-400_TuneCUETP8M1_13TeV-madgraphMLM-pythia8/RunIISpring15DR74-Asympt25ns_MCRUN2_74_V9-v1/MINIAODSIM
15:24 [INFO] __main__:balance:88: rank: 25753.0738557	storage: 36923\site: T2_FR_GRIF_LLR
15:24 [INFO] __main__:balance:87: rank: 0.283517977645	size: 23.49	dataset: /DYJetsToLL_M-2000to3000_TuneCUETP8M1_13TeV-amcatnloFXFX-pythia8/RunIISpring15DR74-Asympt25ns_MCRUN2_74_V9-v1/AODSIM
15:24 [INFO] __main__:balance:88: rank: 661694.577935	storage: 66682\site: T2_PL_Swierk
15:24 [INFO] __main__:balance:87: rank: 6.04636701951	size: 2.34	dataset: /MET/Run2015D-PromptReco-v3/MINIAOD
15:24 [INFO] __main__:balance:88: rank: 45396.473995	storage: 28683\site: T2_IT_Pisa
15:24 [INFO] __main__:balance:87: rank: 0.446906365438	size: 12.97	dataset: /BTagMu/Run2015C-23Sep2015-v1/MINIAOD
15:24 [INFO] __main__:balance:88: rank: 47361.4206725	storage: 200536\site: T2_US_Caltech
15:24 [INFO] __main__:balance:87: rank: 3.68229311753	size: 1.75	dataset: /GluGluToRadionToHHTo2B2Tau_M-250_narrow_13TeV-madgraph/RunIISpring15DR74-Asympt25ns_MCRUN2_74_V9-v1/MINIAODSIM
15:24 [INFO] __main__:balance:88: rank: 17228.0264793	storage: 15005\site: T2_FR_GRIF_IRFU
15:24 [INFO] __main__:balance:87: rank: 0.388331670484	size: 14.98	dataset: /TTbarDMJets_scalar_Mchi-1_Mphi-100_TuneCUETP8M1_13TeV-madgraphMLM-pythia8/RunIISpring15DR74-Asympt25ns_MCRUN2_74_V9-v1/AODSIM
15:24 [INFO] __main__:balance:88: rank: 246556.345425	storage: 136579\site: T2_US_Purdue
15:24 [INFO] __main__:balance:87: rank: 0.184897537182	size: 52.95	dataset: /QCD_Pt-15to20_EMEnriched_TuneCUETP8M1_13TeV_pythia8/RunIISpring15DR74-Asympt25ns_MCRUN2_74_V9-v1/MINIAODSIM
15:24 [INFO] __main__:balance:88: rank: 17829.5403091	storage: 33158\site: T2_FR_IPHC
15:24 [INFO] __main__:balance:87: rank: 0.164454959512	size: 43.50	dataset: /ZprimeToTT_M-4000_W-400_TuneCUETP8M1_13TeV-madgraphMLM-pythia8/RunIISpring15DR74-Asympt25ns_MCRUN2_74_V9-v1/AODSIM
15:24 [INFO] __main__:balance:88: rank: 155030.89958	storage: 34003\site: T2_US_MIT
15:24 [INFO] __main__:balance:87: rank: 0.738116675331	size: 3.37	dataset: /ZToMuMu_NNPDF30_13TeV-powheg_M_6000_Inf/RunIISpring15DR74-Asympt25ns_MCRUN2_74_V9-v1/MINIAODSIM
15:24 [INFO] __main__:balance:88: rank: 41966.0992348	storage: 47141\site: T2_EE_Estonia
15:24 [INFO] __main__:balance:87: rank: 0.0322804036131	size: 21.47	dataset: /BBbarDMJets_scalar_Mchi-1_Mphi-1000_TuneCUETP8M1_13TeV-madgraphMLM-pythia8/RunIISpring15DR74-Asympt25ns_MCRUN2_74_V9-v1/AODSIM
15:24 [INFO] __main__:balance:88: rank: 73285.6231605	storage: 113139\site: T2_US_Wisconsin
15:24 [INFO] __main__:balance:87: rank: 3.45661802699	size: 0.56	dataset: /WprimeToTauNu_M-5200_TuneCUETP8M1_13TeV-pythia8-tauola/RunIISpring15DR74-Asympt25ns_MCRUN2_74_V9-v1/MINIAODSIM
15:24 [INFO] __main__:balance:88: rank: 16613.0288251	storage: 137806\site: T2_UA_KIPT
15:24 [INFO] __main__:balance:87: rank: 17.3048847669	size: 1.05	dataset: /DoubleEG/Run2015D-PromptReco-v3/MINIAOD
15:24 [INFO] __main__:balance:88: rank: 24825.559107	storage: 262353\site: T2_BR_SPRACE
15:24 [INFO] __main__:balance:87: rank: 0.400474733348	size: 13.42	dataset: /GluGluToBulkGravitonToHHTo2B2Tau_M-340_narrow_13TeV-madgraph/RunIISpring15DR74-Asympt25ns_MCRUN2_74_V9-v1/AODSIM
15:24 [INFO] __main__:balance:88: rank: 78971.7270276	storage: 70822\site: T2_UK_SGrid_Bristol
15:24 [INFO] __main__:balance:87: rank: 15.2992494594	size: 1.41	dataset: /TToLeptons_top_t-channel_Tune4C_8TeV-powheg/Summer12pLHE-START53_V7C-v1/GEN
15:24 [INFO] __main__:balance:88: rank: 29344.1449915	storage: 28156\site: T2_PT_NCG_Lisbon
15:24 [INFO] __main__:balance:87: rank: 1.76738994311	size: 4.07	dataset: /GluGluToRadionToHHTo2B2Tau_M-700_narrow_13TeV-madgraph/RunIISpring15DR74-Asympt25ns_MCRUN2_74_V9-v1/MINIAODSIM
15:24 [INFO] __main__:balance:88: rank: 11271.2313439	storage: 139777\site: T2_BE_UCL
15:24 [INFO] __main__:balance:87: rank: 16.6260435444	size: 1.03	dataset: /JetHT/Run2015D-PromptReco-v3/MINIAOD
15:24 [INFO] __main__:balance:88: rank: 14891.5284053	storage: 26772\site: T2_ES_CIEMAT
15:24 [INFO] __main__:balance:87: rank: 0.558734422855	size: 4.45	dataset: /WprimeToMuNu_M-4200_TuneCUETP8M1_13TeV-pythia8/RunIISpring15DR74-Asympt25ns_MCRUN2_74_V9-v1/AODSIM
15:24 [INFO] __main__:balance:88: rank: 48412.8864246	storage: 279956\site: T2_BE_IIHE
15:24 [INFO] __main__:balance:87: rank: 1.04470843102	size: 5.22	dataset: /SMS-T1bbbb_mGluino-1000_mLSP-900_TuneCUETP8M1_13TeV-madgraphMLM-pythia8/RunIISpring15DR74-Asympt25ns_MCRUN2_74_V9-v1/MINIAODSIM
15:24 [INFO] __main__:balance:88: rank: 21061.892408	storage: 25029\site: T2_RU_JINR
15:24 [INFO] __main__:balance:87: rank: 0.202285958579	size: 3.43	dataset: /XXTo4J_M-1000_CTau-30mm_TuneCUETP8M1_13TeV_pythia8/RunIISpring15DR74-Asympt25ns_MCRUN2_74_V9-v1/AODSIM
15:24 [INFO] __main__:balance:88: rank: 39079.6370701	storage: 115489\site: T2_US_Florida
15:24 [INFO] __main__:balance:87: rank: 1.56754835606	size: 5.64	dataset: /ZprimeToTT_M-500_W-50_TuneCUETP8M1_13TeV-madgraphMLM-pythia8/RunIISpring15DR74-Asympt25ns_MCRUN2_74_V9-v2/MINIAODSIM
15:24 [INFO] __main__:balance:88: rank: 980.413463097	storage: 40446\site: T2_KR_KNU
15:24 [INFO] __main__:balance:87: rank: 0.455182018234	size: 15.93	dataset: /WWTo2L2Nu_13TeV-powheg/RunIISpring15DR74-Asympt50ns_MCRUN2_74_V9A-v2/MINIAODSIM
15:24 [INFO] __main__:balance:88: rank: 9125.07895461	storage: 14342\site: T2_UK_London_Brunel
15:24 [INFO] __main__:balance:98: Subscribed 250GB
15:24 [INFO] __main__:start:51: site: T2_UK_SGrid_RALPP	dataset: /HTMHT/Run2015C-PromptReco-v1/MINIAOD
15:24 [INFO] __main__:start:51: site: T2_FR_GRIF_LLR	dataset: /ZprimeToTT_M-4000_W-400_TuneCUETP8M1_13TeV-madgraphMLM-pythia8/RunIISpring15DR74-Asympt25ns_MCRUN2_74_V9-v1/MINIAODSIM
15:24 [INFO] __main__:start:51: site: T2_PL_Swierk	dataset: /DYJetsToLL_M-2000to3000_TuneCUETP8M1_13TeV-amcatnloFXFX-pythia8/RunIISpring15DR74-Asympt25ns_MCRUN2_74_V9-v1/AODSIM
15:24 [INFO] __main__:start:51: site: T2_IT_Pisa	dataset: /MET/Run2015D-PromptReco-v3/MINIAOD
15:24 [INFO] __main__:start:51: site: T2_US_Caltech	dataset: /BTagMu/Run2015C-23Sep2015-v1/MINIAOD
15:24 [INFO] __main__:start:51: site: T2_FR_GRIF_IRFU	dataset: /GluGluToRadionToHHTo2B2Tau_M-250_narrow_13TeV-madgraph/RunIISpring15DR74-Asympt25ns_MCRUN2_74_V9-v1/MINIAODSIM
15:24 [INFO] __main__:start:51: site: T2_US_Purdue	dataset: /TTbarDMJets_scalar_Mchi-1_Mphi-100_TuneCUETP8M1_13TeV-madgraphMLM-pythia8/RunIISpring15DR74-Asympt25ns_MCRUN2_74_V9-v1/AODSIM
15:24 [INFO] __main__:start:51: site: T2_FR_IPHC	dataset: /QCD_Pt-15to20_EMEnriched_TuneCUETP8M1_13TeV_pythia8/RunIISpring15DR74-Asympt25ns_MCRUN2_74_V9-v1/MINIAODSIM
15:24 [INFO] __main__:start:51: site: T2_US_MIT	dataset: /ZprimeToTT_M-4000_W-400_TuneCUETP8M1_13TeV-madgraphMLM-pythia8/RunIISpring15DR74-Asympt25ns_MCRUN2_74_V9-v1/AODSIM
15:24 [INFO] __main__:start:51: site: T2_EE_Estonia	dataset: /ZToMuMu_NNPDF30_13TeV-powheg_M_6000_Inf/RunIISpring15DR74-Asympt25ns_MCRUN2_74_V9-v1/MINIAODSIM
15:24 [INFO] __main__:start:51: site: T2_US_Wisconsin	dataset: /BBbarDMJets_scalar_Mchi-1_Mphi-1000_TuneCUETP8M1_13TeV-madgraphMLM-pythia8/RunIISpring15DR74-Asympt25ns_MCRUN2_74_V9-v1/AODSIM
15:24 [INFO] __main__:start:51: site: T2_UA_KIPT	dataset: /WprimeToTauNu_M-5200_TuneCUETP8M1_13TeV-pythia8-tauola/RunIISpring15DR74-Asympt25ns_MCRUN2_74_V9-v1/MINIAODSIM
15:24 [INFO] __main__:start:51: site: T2_BR_SPRACE	dataset: /DoubleEG/Run2015D-PromptReco-v3/MINIAOD
15:24 [INFO] __main__:start:51: site: T2_UK_SGrid_Bristol	dataset: /GluGluToBulkGravitonToHHTo2B2Tau_M-340_narrow_13TeV-madgraph/RunIISpring15DR74-Asympt25ns_MCRUN2_74_V9-v1/AODSIM
15:24 [INFO] __main__:start:51: site: T2_PT_NCG_Lisbon	dataset: /TToLeptons_top_t-channel_Tune4C_8TeV-powheg/Summer12pLHE-START53_V7C-v1/GEN
15:24 [INFO] __main__:start:51: site: T2_BE_UCL	dataset: /GluGluToRadionToHHTo2B2Tau_M-700_narrow_13TeV-madgraph/RunIISpring15DR74-Asympt25ns_MCRUN2_74_V9-v1/MINIAODSIM
15:24 [INFO] __main__:start:51: site: T2_ES_CIEMAT	dataset: /JetHT/Run2015D-PromptReco-v3/MINIAOD
15:24 [INFO] __main__:start:51: site: T2_BE_IIHE	dataset: /WprimeToMuNu_M-4200_TuneCUETP8M1_13TeV-pythia8/RunIISpring15DR74-Asympt25ns_MCRUN2_74_V9-v1/AODSIM
15:24 [INFO] __main__:start:51: site: T2_RU_JINR	dataset: /SMS-T1bbbb_mGluino-1000_mLSP-900_TuneCUETP8M1_13TeV-madgraphMLM-pythia8/RunIISpring15DR74-Asympt25ns_MCRUN2_74_V9-v1/MINIAODSIM
15:24 [INFO] __main__:start:51: site: T2_US_Florida	dataset: /XXTo4J_M-1000_CTau-30mm_TuneCUETP8M1_13TeV_pythia8/RunIISpring15DR74-Asympt25ns_MCRUN2_74_V9-v1/AODSIM
15:24 [INFO] __main__:start:51: site: T2_KR_KNU	dataset: /ZprimeToTT_M-500_W-50_TuneCUETP8M1_13TeV-madgraphMLM-pythia8/RunIISpring15DR74-Asympt25ns_MCRUN2_74_V9-v2/MINIAODSIM
15:24 [INFO] __main__:start:51: site: T2_UK_London_Brunel	dataset: /WWTo2L2Nu_13TeV-powheg/RunIISpring15DR74-Asympt50ns_MCRUN2_74_V9A-v2/MINIAODSIM
15:24 [WARNING] __main__:subscribe:140: Subscription did not succeed
	Site:T2_UA_KIPT
	Datasets: [u'/WprimeToTauNu_M-5200_TuneCUETP8M1_13TeV-pythia8-tauola/RunIISpring15DR74-Asympt25ns_MCRUN2_74_V9-v1/MINIAODSIM']
15:24 [WARNING] __main__:subscribe:140: Subscription did not succeed
	Site:T2_US_Purdue
	Datasets: [u'/TTbarDMJets_scalar_Mchi-1_Mphi-100_TuneCUETP8M1_13TeV-madgraphMLM-pythia8/RunIISpring15DR74-Asympt25ns_MCRUN2_74_V9-v1/AODSIM']
15:24 [WARNING] __main__:subscribe:140: Subscription did not succeed
	Site:T2_UK_SGrid_RALPP
	Datasets: [u'/HTMHT/Run2015C-PromptReco-v1/MINIAOD']
15:24 [WARNING] __main__:subscribe:140: Subscription did not succeed
	Site:T2_FR_GRIF_LLR
	Datasets: [u'/ZprimeToTT_M-4000_W-400_TuneCUETP8M1_13TeV-madgraphMLM-pythia8/RunIISpring15DR74-Asympt25ns_MCRUN2_74_V9-v1/MINIAODSIM']
15:24 [WARNING] __main__:subscribe:140: Subscription did not succeed
	Site:T2_BE_UCL
	Datasets: [u'/GluGluToRadionToHHTo2B2Tau_M-700_narrow_13TeV-madgraph/RunIISpring15DR74-Asympt25ns_MCRUN2_74_V9-v1/MINIAODSIM']
15:24 [WARNING] __main__:subscribe:140: Subscription did not succeed
	Site:T2_UK_SGrid_Bristol
	Datasets: [u'/GluGluToBulkGravitonToHHTo2B2Tau_M-340_narrow_13TeV-madgraph/RunIISpring15DR74-Asympt25ns_MCRUN2_74_V9-v1/AODSIM']
15:24 [WARNING] __main__:subscribe:140: Subscription did not succeed
	Site:T2_FR_IPHC
	Datasets: [u'/QCD_Pt-15to20_EMEnriched_TuneCUETP8M1_13TeV_pythia8/RunIISpring15DR74-Asympt25ns_MCRUN2_74_V9-v1/MINIAODSIM']
15:24 [WARNING] __main__:subscribe:140: Subscription did not succeed
	Site:T2_KR_KNU
	Datasets: [u'/ZprimeToTT_M-500_W-50_TuneCUETP8M1_13TeV-madgraphMLM-pythia8/RunIISpring15DR74-Asympt25ns_MCRUN2_74_V9-v2/MINIAODSIM']
15:24 [WARNING] __main__:subscribe:140: Subscription did not succeed
	Site:T2_US_Caltech
	Datasets: [u'/BTagMu/Run2015C-23Sep2015-v1/MINIAOD']
15:24 [WARNING] __main__:subscribe:140: Subscription did not succeed
	Site:T2_UK_London_Brunel
	Datasets: [u'/WWTo2L2Nu_13TeV-powheg/RunIISpring15DR74-Asympt50ns_MCRUN2_74_V9A-v2/MINIAODSIM']
15:25 [WARNING] __main__:subscribe:140: Subscription did not succeed
	Site:T2_RU_JINR
	Datasets: [u'/SMS-T1bbbb_mGluino-1000_mLSP-900_TuneCUETP8M1_13TeV-madgraphMLM-pythia8/RunIISpring15DR74-Asympt25ns_MCRUN2_74_V9-v1/MINIAODSIM']
15:25 [WARNING] __main__:subscribe:140: Subscription did not succeed
	Site:T2_IT_Pisa
	Datasets: [u'/MET/Run2015D-PromptReco-v3/MINIAOD']
15:25 [WARNING] __main__:subscribe:140: Subscription did not succeed
	Site:T2_EE_Estonia
	Datasets: [u'/ZToMuMu_NNPDF30_13TeV-powheg_M_6000_Inf/RunIISpring15DR74-Asympt25ns_MCRUN2_74_V9-v1/MINIAODSIM']
15:25 [WARNING] __main__:subscribe:140: Subscription did not succeed
	Site:T2_US_Florida
	Datasets: [u'/XXTo4J_M-1000_CTau-30mm_TuneCUETP8M1_13TeV_pythia8/RunIISpring15DR74-Asympt25ns_MCRUN2_74_V9-v1/AODSIM']
15:25 [WARNING] __main__:subscribe:140: Subscription did not succeed
	Site:T2_FR_GRIF_IRFU
	Datasets: [u'/GluGluToRadionToHHTo2B2Tau_M-250_narrow_13TeV-madgraph/RunIISpring15DR74-Asympt25ns_MCRUN2_74_V9-v1/MINIAODSIM']
15:25 [WARNING] __main__:subscribe:140: Subscription did not succeed
	Site:T2_ES_CIEMAT
	Datasets: [u'/JetHT/Run2015D-PromptReco-v3/MINIAOD']
15:25 [WARNING] __main__:subscribe:140: Subscription did not succeed
	Site:T2_PT_NCG_Lisbon
	Datasets: [u'/TToLeptons_top_t-channel_Tune4C_8TeV-powheg/Summer12pLHE-START53_V7C-v1/GEN']
15:25 [WARNING] __main__:subscribe:140: Subscription did not succeed
	Site:T2_US_Wisconsin
	Datasets: [u'/BBbarDMJets_scalar_Mchi-1_Mphi-1000_TuneCUETP8M1_13TeV-madgraphMLM-pythia8/RunIISpring15DR74-Asympt25ns_MCRUN2_74_V9-v1/AODSIM']
15:25 [WARNING] __main__:subscribe:140: Subscription did not succeed
	Site:T2_US_MIT
	Datasets: [u'/ZprimeToTT_M-4000_W-400_TuneCUETP8M1_13TeV-madgraphMLM-pythia8/RunIISpring15DR74-Asympt25ns_MCRUN2_74_V9-v1/AODSIM']
15:25 [WARNING] __main__:subscribe:140: Subscription did not succeed
	Site:T2_BE_IIHE
	Datasets: [u'/WprimeToMuNu_M-4200_TuneCUETP8M1_13TeV-pythia8/RunIISpring15DR74-Asympt25ns_MCRUN2_74_V9-v1/AODSIM']
15:25 [WARNING] __main__:subscribe:140: Subscription did not succeed
	Site:T2_PL_Swierk
	Datasets: [u'/DYJetsToLL_M-2000to3000_TuneCUETP8M1_13TeV-amcatnloFXFX-pythia8/RunIISpring15DR74-Asympt25ns_MCRUN2_74_V9-v1/AODSIM']
15:25 [WARNING] __main__:subscribe:140: Subscription did not succeed
	Site:T2_BR_SPRACE
	Datasets: [u'/DoubleEG/Run2015D-PromptReco-v3/MINIAOD']
15:25 [INFO] __main__:start:55: Rocker Board took 4:15:44.485439
